<?xml version="1.0" encoding="UTF-8"?>
<!-- Generated by org.testng.reporters.JUnitReportReporter -->
<testsuite hostname="LAPTOP-D411V05S" failures="0" tests="1" name="TestNGExecution.Remo" time="6.325" errors="0" timestamp="13 Mar 2024 14:44:42 GMT" skipped="0">
  <testcase classname="TestNGExecution.Remo" name="remo" time="6.325"/>
</testsuite> <!-- TestNGExecution.Remo -->
