<?xml version="1.0" encoding="UTF-8"?>
<!-- Generated by org.testng.reporters.JUnitReportReporter -->
<testsuite hostname="LAPTOP-D411V05S" failures="0" tests="2" name="LearningTestNG.DependsOnMethod" time="0.014" errors="0" timestamp="12 Mar 2024 14:10:28 GMT" skipped="0">
  <testcase classname="LearningTestNG.DependsOnMethod" name="login" time="0.012"/>
  <testcase classname="LearningTestNG.DependsOnMethod" name="logout" time="0.002"/>
</testsuite> <!-- LearningTestNG.DependsOnMethod -->
