<?xml version="1.0" encoding="UTF-8"?>
<!-- Generated by org.testng.reporters.JUnitReportReporter -->
<testsuite hostname="LAPTOP-D411V05S" failures="0" tests="1" name="TestNGExecution.Demo" time="37.351" errors="0" timestamp="13 Mar 2024 14:44:42 GMT" skipped="0">
  <testcase classname="TestNGExecution.Demo" name="demo" time="37.351"/>
</testsuite> <!-- TestNGExecution.Demo -->
