<?xml version="1.0" encoding="UTF-8"?>
<!-- Generated by org.testng.reporters.JUnitReportReporter -->
<testsuite hostname="LAPTOP-D411V05S" failures="0" tests="5" name="LearningTestNG.InvocationCountFlag$EnabledFlag" time="0.026" errors="0" timestamp="12 Mar 2024 14:04:56 GMT" skipped="0">
  <testcase classname="LearningTestNG.InvocationCountFlag$EnabledFlag" name="login" time="0.015"/>
  <testcase classname="LearningTestNG.InvocationCountFlag$EnabledFlag" name="login" time="0.003"/>
  <testcase classname="LearningTestNG.InvocationCountFlag$EnabledFlag" name="logout" time="0.003"/>
  <testcase classname="LearningTestNG.InvocationCountFlag$EnabledFlag" name="logout" time="0.002"/>
  <testcase classname="LearningTestNG.InvocationCountFlag$EnabledFlag" name="logout" time="0.003"/>
</testsuite> <!-- LearningTestNG.InvocationCountFlag$EnabledFlag -->
