<?xml version="1.0" encoding="UTF-8"?>
<!-- Generated by org.testng.reporters.JUnitReportReporter -->
<testsuite hostname="LAPTOP-D411V05S" failures="0" tests="3" name="LearningTestNG.Annotations" time="0.013" errors="0" timestamp="13 Mar 2024 13:54:04 GMT" skipped="0">
  <testcase classname="LearningTestNG.Annotations" name="test1" time="0.008"/>
  <testcase classname="LearningTestNG.Annotations" name="test3" time="0.003"/>
  <testcase classname="LearningTestNG.Annotations" name="test2" time="0.002"/>
</testsuite> <!-- LearningTestNG.Annotations -->
