<?xml version="1.0" encoding="UTF-8"?>
<!-- Generated by org.testng.reporters.JUnitReportReporter -->
<testsuite hostname="LAPTOP-D411V05S" failures="0" tests="4" name="LearningTestNG.FirstTestNGClass" time="0.019" errors="0" timestamp="12 Mar 2024 13:37:04 GMT" skipped="0">
  <testcase classname="LearningTestNG.FirstTestNGClass" name="login" time="0.013"/>
  <testcase classname="LearningTestNG.FirstTestNGClass" name="wishlist" time="0.002"/>
  <testcase classname="LearningTestNG.FirstTestNGClass" name="addToCart" time="0.002"/>
  <testcase classname="LearningTestNG.FirstTestNGClass" name="logout" time="0.002"/>
</testsuite> <!-- LearningTestNG.FirstTestNGClass -->
