<?xml version="1.0" encoding="UTF-8"?>
<!-- Generated by org.testng.reporters.JUnitReportReporter -->
<testsuite hostname="LAPTOP-D411V05S" failures="0" tests="2" name="LearningTestNG.DescriptionFlag" time="0.013" errors="0" timestamp="12 Mar 2024 13:55:07 GMT" skipped="0">
  <testcase classname="LearningTestNG.DescriptionFlag" name="login" time="0.012"/>
  <testcase classname="LearningTestNG.DescriptionFlag" name="logout" time="0.001"/>
</testsuite> <!-- LearningTestNG.DescriptionFlag -->
