<?xml version="1.0" encoding="UTF-8"?>
<!-- Generated by org.testng.reporters.JUnitReportReporter -->
<testsuite hostname="LAPTOP-D411V05S" failures="0" tests="2" name="LearningTestNG.EnabledFlag" time="0.013" errors="0" timestamp="12 Mar 2024 14:01:12 GMT" skipped="1">
  <testcase classname="LearningTestNG.EnabledFlag" name="logout" time="0.013"/>
  <testcase classname="LearningTestNG.EnabledFlag" name="login">
    <skipped/>
  </testcase> <!-- login -->
</testsuite> <!-- LearningTestNG.EnabledFlag -->
